sample.interval=20000
"colMeans" "scale.default" "scale" "prcomp.default" "prcomp" 
"colMeans" "scale.default" "scale" "prcomp.default" "prcomp" 
"colMeans" "scale.default" "scale" "prcomp.default" "prcomp" 
"colMeans" "scale.default" "scale" "prcomp.default" "prcomp" 
"colMeans" "scale.default" "scale" "prcomp.default" "prcomp" 
"colMeans" "scale.default" "scale" "prcomp.default" "prcomp" 
"array" "aperm" "sweep" "scale.default" "scale" "prcomp.default" "prcomp" 
"array" "aperm" "sweep" "scale.default" "scale" "prcomp.default" "prcomp" 
"array" "aperm" "sweep" "scale.default" "scale" "prcomp.default" "prcomp" 
"array" "aperm" "sweep" "scale.default" "scale" "prcomp.default" "prcomp" 
"aperm.default" "aperm" "sweep" "scale.default" "scale" "prcomp.default" "prcomp" 
"aperm.default" "aperm" "sweep" "scale.default" "scale" "prcomp.default" "prcomp" 
"aperm.default" "aperm" "sweep" "scale.default" "scale" "prcomp.default" "prcomp" 
"aperm.default" "aperm" "sweep" "scale.default" "scale" "prcomp.default" "prcomp" 
"aperm.default" "aperm" "sweep" "scale.default" "scale" "prcomp.default" "prcomp" 
"aperm.default" "aperm" "sweep" "scale.default" "scale" "prcomp.default" "prcomp" 
"aperm.default" "aperm" "sweep" "scale.default" "scale" "prcomp.default" "prcomp" 
"aperm.default" "aperm" "sweep" "scale.default" "scale" "prcomp.default" "prcomp" 
"aperm.default" "aperm" "sweep" "scale.default" "scale" "prcomp.default" "prcomp" 
"aperm.default" "aperm" "sweep" "scale.default" "scale" "prcomp.default" "prcomp" 
"aperm.default" "aperm" "sweep" "scale.default" "scale" "prcomp.default" "prcomp" 
"aperm.default" "aperm" "sweep" "scale.default" "scale" "prcomp.default" "prcomp" 
"aperm.default" "aperm" "sweep" "scale.default" "scale" "prcomp.default" "prcomp" 
"aperm.default" "aperm" "sweep" "scale.default" "scale" "prcomp.default" "prcomp" 
"aperm.default" "aperm" "sweep" "scale.default" "scale" "prcomp.default" "prcomp" 
"aperm.default" "aperm" "sweep" "scale.default" "scale" "prcomp.default" "prcomp" 
"aperm.default" "aperm" "sweep" "scale.default" "scale" "prcomp.default" "prcomp" 
"sweep" "scale.default" "scale" "prcomp.default" "prcomp" 
"sweep" "scale.default" "scale" "prcomp.default" "prcomp" 
"is.finite" "svd" "prcomp.default" "prcomp" 
"is.finite" "svd" "prcomp.default" "prcomp" 
"is.finite" "svd" "prcomp.default" "prcomp" 
"svd" "prcomp.default" "prcomp" 
"svd" "prcomp.default" "prcomp" 
"svd" "prcomp.default" "prcomp" 
"svd" "prcomp.default" "prcomp" 
"svd" "prcomp.default" "prcomp" 
"any" "svd" "prcomp.default" "prcomp" 
"any" "svd" "prcomp.default" "prcomp" 
"any" "svd" "prcomp.default" "prcomp" 
"is.finite" "La.svd" "svd" "prcomp.default" "prcomp" 
"is.finite" "La.svd" "svd" "prcomp.default" "prcomp" 
"is.finite" "La.svd" "svd" "prcomp.default" "prcomp" 
"La.svd" "svd" "prcomp.default" "prcomp" 
"La.svd" "svd" "prcomp.default" "prcomp" 
"La.svd" "svd" "prcomp.default" "prcomp" 
"any" "La.svd" "svd" "prcomp.default" "prcomp" 
"any" "La.svd" "svd" "prcomp.default" "prcomp" 
"any" "La.svd" "svd" "prcomp.default" "prcomp" 
"matrix" "La.svd" "svd" "prcomp.default" "prcomp" 
"matrix" "La.svd" "svd" "prcomp.default" "prcomp" 
"matrix" "La.svd" "svd" "prcomp.default" "prcomp" 
"La.svd" "svd" "prcomp.default" "prcomp" 
"La.svd" "svd" "prcomp.default" "prcomp" 
"La.svd" "svd" "prcomp.default" "prcomp" 
"La.svd" "svd" "prcomp.default" "prcomp" 
"La.svd" "svd" "prcomp.default" "prcomp" 
"La.svd" "svd" "prcomp.default" "prcomp" 
"La.svd" "svd" "prcomp.default" "prcomp" 
"La.svd" "svd" "prcomp.default" "prcomp" 
"La.svd" "svd" "prcomp.default" "prcomp" 
"La.svd" "svd" "prcomp.default" "prcomp" 
"La.svd" "svd" "prcomp.default" "prcomp" 
"La.svd" "svd" "prcomp.default" "prcomp" 
"La.svd" "svd" "prcomp.default" "prcomp" 
"La.svd" "svd" "prcomp.default" "prcomp" 
"La.svd" "svd" "prcomp.default" "prcomp" 
"La.svd" "svd" "prcomp.default" "prcomp" 
"La.svd" "svd" "prcomp.default" "prcomp" 
"La.svd" "svd" "prcomp.default" "prcomp" 
"La.svd" "svd" "prcomp.default" "prcomp" 
"La.svd" "svd" "prcomp.default" "prcomp" 
"La.svd" "svd" "prcomp.default" "prcomp" 
"La.svd" "svd" "prcomp.default" "prcomp" 
"La.svd" "svd" "prcomp.default" "prcomp" 
"La.svd" "svd" "prcomp.default" "prcomp" 
"La.svd" "svd" "prcomp.default" "prcomp" 
"La.svd" "svd" "prcomp.default" "prcomp" 
"La.svd" "svd" "prcomp.default" "prcomp" 
"La.svd" "svd" "prcomp.default" "prcomp" 
"La.svd" "svd" "prcomp.default" "prcomp" 
"La.svd" "svd" "prcomp.default" "prcomp" 
"La.svd" "svd" "prcomp.default" "prcomp" 
"La.svd" "svd" "prcomp.default" "prcomp" 
"La.svd" "svd" "prcomp.default" "prcomp" 
"La.svd" "svd" "prcomp.default" "prcomp" 
"La.svd" "svd" "prcomp.default" "prcomp" 
"La.svd" "svd" "prcomp.default" "prcomp" 
"La.svd" "svd" "prcomp.default" "prcomp" 
"La.svd" "svd" "prcomp.default" "prcomp" 
"La.svd" "svd" "prcomp.default" "prcomp" 
"La.svd" "svd" "prcomp.default" "prcomp" 
"La.svd" "svd" "prcomp.default" "prcomp" 
"La.svd" "svd" "prcomp.default" "prcomp" 
"La.svd" "svd" "prcomp.default" "prcomp" 
"La.svd" "svd" "prcomp.default" "prcomp" 
"La.svd" "svd" "prcomp.default" "prcomp" 
"La.svd" "svd" "prcomp.default" "prcomp" 
"La.svd" "svd" "prcomp.default" "prcomp" 
"La.svd" "svd" "prcomp.default" "prcomp" 
"La.svd" "svd" "prcomp.default" "prcomp" 
"La.svd" "svd" "prcomp.default" "prcomp" 
"La.svd" "svd" "prcomp.default" "prcomp" 
"La.svd" "svd" "prcomp.default" "prcomp" 
"La.svd" "svd" "prcomp.default" "prcomp" 
"La.svd" "svd" "prcomp.default" "prcomp" 
"La.svd" "svd" "prcomp.default" "prcomp" 
"La.svd" "svd" "prcomp.default" "prcomp" 
"La.svd" "svd" "prcomp.default" "prcomp" 
"La.svd" "svd" "prcomp.default" "prcomp" 
"La.svd" "svd" "prcomp.default" "prcomp" 
"La.svd" "svd" "prcomp.default" "prcomp" 
"La.svd" "svd" "prcomp.default" "prcomp" 
"La.svd" "svd" "prcomp.default" "prcomp" 
"La.svd" "svd" "prcomp.default" "prcomp" 
"La.svd" "svd" "prcomp.default" "prcomp" 
"La.svd" "svd" "prcomp.default" "prcomp" 
"La.svd" "svd" "prcomp.default" "prcomp" 
"La.svd" "svd" "prcomp.default" "prcomp" 
"La.svd" "svd" "prcomp.default" "prcomp" 
"La.svd" "svd" "prcomp.default" "prcomp" 
"La.svd" "svd" "prcomp.default" "prcomp" 
"La.svd" "svd" "prcomp.default" "prcomp" 
"La.svd" "svd" "prcomp.default" "prcomp" 
"La.svd" "svd" "prcomp.default" "prcomp" 
"La.svd" "svd" "prcomp.default" "prcomp" 
"La.svd" "svd" "prcomp.default" "prcomp" 
"La.svd" "svd" "prcomp.default" "prcomp" 
"La.svd" "svd" "prcomp.default" "prcomp" 
"La.svd" "svd" "prcomp.default" "prcomp" 
"La.svd" "svd" "prcomp.default" "prcomp" 
"La.svd" "svd" "prcomp.default" "prcomp" 
"La.svd" "svd" "prcomp.default" "prcomp" 
"La.svd" "svd" "prcomp.default" "prcomp" 
"La.svd" "svd" "prcomp.default" "prcomp" 
"La.svd" "svd" "prcomp.default" "prcomp" 
"La.svd" "svd" "prcomp.default" "prcomp" 
"La.svd" "svd" "prcomp.default" "prcomp" 
"La.svd" "svd" "prcomp.default" "prcomp" 
"La.svd" "svd" "prcomp.default" "prcomp" 
"La.svd" "svd" "prcomp.default" "prcomp" 
"La.svd" "svd" "prcomp.default" "prcomp" 
"La.svd" "svd" "prcomp.default" "prcomp" 
"La.svd" "svd" "prcomp.default" "prcomp" 
"La.svd" "svd" "prcomp.default" "prcomp" 
"La.svd" "svd" "prcomp.default" "prcomp" 
"La.svd" "svd" "prcomp.default" "prcomp" 
"La.svd" "svd" "prcomp.default" "prcomp" 
"La.svd" "svd" "prcomp.default" "prcomp" 
"La.svd" "svd" "prcomp.default" "prcomp" 
"La.svd" "svd" "prcomp.default" "prcomp" 
"La.svd" "svd" "prcomp.default" "prcomp" 
"La.svd" "svd" "prcomp.default" "prcomp" 
"La.svd" "svd" "prcomp.default" "prcomp" 
"La.svd" "svd" "prcomp.default" "prcomp" 
"La.svd" "svd" "prcomp.default" "prcomp" 
"La.svd" "svd" "prcomp.default" "prcomp" 
"La.svd" "svd" "prcomp.default" "prcomp" 
"La.svd" "svd" "prcomp.default" "prcomp" 
"La.svd" "svd" "prcomp.default" "prcomp" 
"La.svd" "svd" "prcomp.default" "prcomp" 
"La.svd" "svd" "prcomp.default" "prcomp" 
"La.svd" "svd" "prcomp.default" "prcomp" 
"La.svd" "svd" "prcomp.default" "prcomp" 
"La.svd" "svd" "prcomp.default" "prcomp" 
"La.svd" "svd" "prcomp.default" "prcomp" 
"La.svd" "svd" "prcomp.default" "prcomp" 
"La.svd" "svd" "prcomp.default" "prcomp" 
"La.svd" "svd" "prcomp.default" "prcomp" 
"La.svd" "svd" "prcomp.default" "prcomp" 
"La.svd" "svd" "prcomp.default" "prcomp" 
"La.svd" "svd" "prcomp.default" "prcomp" 
"La.svd" "svd" "prcomp.default" "prcomp" 
"La.svd" "svd" "prcomp.default" "prcomp" 
"La.svd" "svd" "prcomp.default" "prcomp" 
"La.svd" "svd" "prcomp.default" "prcomp" 
"La.svd" "svd" "prcomp.default" "prcomp" 
"La.svd" "svd" "prcomp.default" "prcomp" 
"La.svd" "svd" "prcomp.default" "prcomp" 
"La.svd" "svd" "prcomp.default" "prcomp" 
"La.svd" "svd" "prcomp.default" "prcomp" 
"La.svd" "svd" "prcomp.default" "prcomp" 
"La.svd" "svd" "prcomp.default" "prcomp" 
"La.svd" "svd" "prcomp.default" "prcomp" 
"La.svd" "svd" "prcomp.default" "prcomp" 
"La.svd" "svd" "prcomp.default" "prcomp" 
"La.svd" "svd" "prcomp.default" "prcomp" 
"La.svd" "svd" "prcomp.default" "prcomp" 
"La.svd" "svd" "prcomp.default" "prcomp" 
"La.svd" "svd" "prcomp.default" "prcomp" 
"La.svd" "svd" "prcomp.default" "prcomp" 
"La.svd" "svd" "prcomp.default" "prcomp" 
"La.svd" "svd" "prcomp.default" "prcomp" 
"La.svd" "svd" "prcomp.default" "prcomp" 
"La.svd" "svd" "prcomp.default" "prcomp" 
"La.svd" "svd" "prcomp.default" "prcomp" 
"La.svd" "svd" "prcomp.default" "prcomp" 
"La.svd" "svd" "prcomp.default" "prcomp" 
"La.svd" "svd" "prcomp.default" "prcomp" 
"La.svd" "svd" "prcomp.default" "prcomp" 
"La.svd" "svd" "prcomp.default" "prcomp" 
"La.svd" "svd" "prcomp.default" "prcomp" 
"La.svd" "svd" "prcomp.default" "prcomp" 
"La.svd" "svd" "prcomp.default" "prcomp" 
"La.svd" "svd" "prcomp.default" "prcomp" 
"La.svd" "svd" "prcomp.default" "prcomp" 
"La.svd" "svd" "prcomp.default" "prcomp" 
"La.svd" "svd" "prcomp.default" "prcomp" 
"La.svd" "svd" "prcomp.default" "prcomp" 
"La.svd" "svd" "prcomp.default" "prcomp" 
"La.svd" "svd" "prcomp.default" "prcomp" 
"La.svd" "svd" "prcomp.default" "prcomp" 
"La.svd" "svd" "prcomp.default" "prcomp" 
"La.svd" "svd" "prcomp.default" "prcomp" 
"La.svd" "svd" "prcomp.default" "prcomp" 
"La.svd" "svd" "prcomp.default" "prcomp" 
"La.svd" "svd" "prcomp.default" "prcomp" 
"La.svd" "svd" "prcomp.default" "prcomp" 
"La.svd" "svd" "prcomp.default" "prcomp" 
"La.svd" "svd" "prcomp.default" "prcomp" 
"La.svd" "svd" "prcomp.default" "prcomp" 
"La.svd" "svd" "prcomp.default" "prcomp" 
"La.svd" "svd" "prcomp.default" "prcomp" 
"La.svd" "svd" "prcomp.default" "prcomp" 
"La.svd" "svd" "prcomp.default" "prcomp" 
"La.svd" "svd" "prcomp.default" "prcomp" 
"La.svd" "svd" "prcomp.default" "prcomp" 
"La.svd" "svd" "prcomp.default" "prcomp" 
"La.svd" "svd" "prcomp.default" "prcomp" 
"La.svd" "svd" "prcomp.default" "prcomp" 
"La.svd" "svd" "prcomp.default" "prcomp" 
"La.svd" "svd" "prcomp.default" "prcomp" 
"La.svd" "svd" "prcomp.default" "prcomp" 
"La.svd" "svd" "prcomp.default" "prcomp" 
"La.svd" "svd" "prcomp.default" "prcomp" 
"La.svd" "svd" "prcomp.default" "prcomp" 
"La.svd" "svd" "prcomp.default" "prcomp" 
"La.svd" "svd" "prcomp.default" "prcomp" 
"La.svd" "svd" "prcomp.default" "prcomp" 
"La.svd" "svd" "prcomp.default" "prcomp" 
"La.svd" "svd" "prcomp.default" "prcomp" 
"La.svd" "svd" "prcomp.default" "prcomp" 
"La.svd" "svd" "prcomp.default" "prcomp" 
"La.svd" "svd" "prcomp.default" "prcomp" 
"La.svd" "svd" "prcomp.default" "prcomp" 
"La.svd" "svd" "prcomp.default" "prcomp" 
"La.svd" "svd" "prcomp.default" "prcomp" 
"La.svd" "svd" "prcomp.default" "prcomp" 
"La.svd" "svd" "prcomp.default" "prcomp" 
"La.svd" "svd" "prcomp.default" "prcomp" 
"La.svd" "svd" "prcomp.default" "prcomp" 
"La.svd" "svd" "prcomp.default" "prcomp" 
"La.svd" "svd" "prcomp.default" "prcomp" 
"La.svd" "svd" "prcomp.default" "prcomp" 
"La.svd" "svd" "prcomp.default" "prcomp" 
"La.svd" "svd" "prcomp.default" "prcomp" 
"La.svd" "svd" "prcomp.default" "prcomp" 
"La.svd" "svd" "prcomp.default" "prcomp" 
"La.svd" "svd" "prcomp.default" "prcomp" 
"La.svd" "svd" "prcomp.default" "prcomp" 
"La.svd" "svd" "prcomp.default" "prcomp" 
"La.svd" "svd" "prcomp.default" "prcomp" 
"La.svd" "svd" "prcomp.default" "prcomp" 
"La.svd" "svd" "prcomp.default" "prcomp" 
"La.svd" "svd" "prcomp.default" "prcomp" 
"La.svd" "svd" "prcomp.default" "prcomp" 
"La.svd" "svd" "prcomp.default" "prcomp" 
"La.svd" "svd" "prcomp.default" "prcomp" 
"La.svd" "svd" "prcomp.default" "prcomp" 
"La.svd" "svd" "prcomp.default" "prcomp" 
"La.svd" "svd" "prcomp.default" "prcomp" 
"La.svd" "svd" "prcomp.default" "prcomp" 
"La.svd" "svd" "prcomp.default" "prcomp" 
"La.svd" "svd" "prcomp.default" "prcomp" 
"La.svd" "svd" "prcomp.default" "prcomp" 
"La.svd" "svd" "prcomp.default" "prcomp" 
"La.svd" "svd" "prcomp.default" "prcomp" 
"La.svd" "svd" "prcomp.default" "prcomp" 
"La.svd" "svd" "prcomp.default" "prcomp" 
"La.svd" "svd" "prcomp.default" "prcomp" 
"La.svd" "svd" "prcomp.default" "prcomp" 
"La.svd" "svd" "prcomp.default" "prcomp" 
"La.svd" "svd" "prcomp.default" "prcomp" 
"La.svd" "svd" "prcomp.default" "prcomp" 
"La.svd" "svd" "prcomp.default" "prcomp" 
"La.svd" "svd" "prcomp.default" "prcomp" 
"La.svd" "svd" "prcomp.default" "prcomp" 
"La.svd" "svd" "prcomp.default" "prcomp" 
"La.svd" "svd" "prcomp.default" "prcomp" 
"La.svd" "svd" "prcomp.default" "prcomp" 
"La.svd" "svd" "prcomp.default" "prcomp" 
"La.svd" "svd" "prcomp.default" "prcomp" 
"La.svd" "svd" "prcomp.default" "prcomp" 
"La.svd" "svd" "prcomp.default" "prcomp" 
"La.svd" "svd" "prcomp.default" "prcomp" 
"La.svd" "svd" "prcomp.default" "prcomp" 
"La.svd" "svd" "prcomp.default" "prcomp" 
"La.svd" "svd" "prcomp.default" "prcomp" 
"La.svd" "svd" "prcomp.default" "prcomp" 
"La.svd" "svd" "prcomp.default" "prcomp" 
"La.svd" "svd" "prcomp.default" "prcomp" 
"La.svd" "svd" "prcomp.default" "prcomp" 
"La.svd" "svd" "prcomp.default" "prcomp" 
"La.svd" "svd" "prcomp.default" "prcomp" 
"La.svd" "svd" "prcomp.default" "prcomp" 
